0 info it worked if it ends with ok
1 verbose cli [ '/Users/kushanjoshi/.nvm/versions/node/v6.11.4/bin/node',
1 verbose cli   '/Users/kushanjoshi/.nvm/versions/node/v6.11.4/bin/npm',
1 verbose cli   'run',
1 verbose cli   'lint' ]
2 info using npm@3.10.10
3 info using node@v6.11.4
4 verbose run-script [ 'prelint', 'lint', 'postlint' ]
5 info lifecycle to-fix-backend@0.0.0~prelint: to-fix-backend@0.0.0
6 silly lifecycle to-fix-backend@0.0.0~prelint: no script for prelint, continuing
7 info lifecycle to-fix-backend@0.0.0~lint: to-fix-backend@0.0.0
8 verbose lifecycle to-fix-backend@0.0.0~lint: unsafe-perm in lifecycle true
9 verbose lifecycle to-fix-backend@0.0.0~lint: PATH: /Users/kushanjoshi/.nvm/versions/node/v6.11.4/lib/node_modules/npm/bin/node-gyp-bin:/Users/kushanjoshi/code/mapbox/to-fix-backend/node_modules/.bin:/Users/kushanjoshi/code/mapbox/to-fix-backend/node_modules/.bin:/Users/kushanjoshi/.config/yarn/link/node_modules/.bin:/Users/kushanjoshi/code/mapbox/to-fix-backend/node_modules/.bin:/Users/kushanjoshi/.config/yarn/link/node_modules/.bin:/Users/kushanjoshi/.nvm/versions/node/v6.11.4/lib/node_modules/npm/bin/node-gyp-bin:/Users/kushanjoshi/.nvm/versions/node/v6.11.4/bin/node_modules/npm/bin/node-gyp-bin:/Users/kushanjoshi/.nvm/versions/node/v6.11.4/bin:/Users/kushanjoshi/.yarn/bin:/Applications/Postgres.app/Contents/Versions/latest/bin:/Users/kushanjoshi/.cargo/bin:/usr/local/bin:/usr/bin:/bin:/usr/sbin:/sbin:/Applications/Postgres.app/Contents/Versions/latest/bin:/Users/kushanjoshi/.yarn/bin:/Users/kushanjoshi/.cargo/bin
10 verbose lifecycle to-fix-backend@0.0.0~lint: CWD: /Users/kushanjoshi/code/mapbox/to-fix-backend
11 silly lifecycle to-fix-backend@0.0.0~lint: Args: [ '-c', 'eslint .' ]
12 silly lifecycle to-fix-backend@0.0.0~lint: Returned: code: 1  signal: null
13 info lifecycle to-fix-backend@0.0.0~lint: Failed to exec lint script
14 verbose stack Error: to-fix-backend@0.0.0 lint: `eslint .`
14 verbose stack Exit status 1
14 verbose stack     at EventEmitter.<anonymous> (/Users/kushanjoshi/.nvm/versions/node/v6.11.4/lib/node_modules/npm/lib/utils/lifecycle.js:255:16)
14 verbose stack     at emitTwo (events.js:106:13)
14 verbose stack     at EventEmitter.emit (events.js:191:7)
14 verbose stack     at ChildProcess.<anonymous> (/Users/kushanjoshi/.nvm/versions/node/v6.11.4/lib/node_modules/npm/lib/utils/spawn.js:40:14)
14 verbose stack     at emitTwo (events.js:106:13)
14 verbose stack     at ChildProcess.emit (events.js:191:7)
14 verbose stack     at maybeClose (internal/child_process.js:920:16)
14 verbose stack     at Process.ChildProcess._handle.onexit (internal/child_process.js:230:5)
15 verbose pkgid to-fix-backend@0.0.0
16 verbose cwd /Users/kushanjoshi/code/mapbox/to-fix-backend
17 error Darwin 16.7.0
18 error argv "/Users/kushanjoshi/.nvm/versions/node/v6.11.4/bin/node" "/Users/kushanjoshi/.nvm/versions/node/v6.11.4/bin/npm" "run" "lint"
19 error node v6.11.4
20 error npm  v3.10.10
21 error code ELIFECYCLE
22 error to-fix-backend@0.0.0 lint: `eslint .`
22 error Exit status 1
23 error Failed at the to-fix-backend@0.0.0 lint script 'eslint .'.
23 error Make sure you have the latest version of node.js and npm installed.
23 error If you do, this is most likely a problem with the to-fix-backend package,
23 error not with npm itself.
23 error Tell the author that this fails on your system:
23 error     eslint .
23 error You can get information on how to open an issue for this project with:
23 error     npm bugs to-fix-backend
23 error Or if that isn't available, you can get their info via:
23 error     npm owner ls to-fix-backend
23 error There is likely additional logging output above.
24 verbose exit [ 1, true ]
